<?xml version="1.0" encoding="UTF-8"?>
<testsuite xmlns:xsi="http://www.w3.org/2001/XMLSchema-instance" xsi:noNamespaceSchemaLocation="https://maven.apache.org/surefire/maven-surefire-plugin/xsd/surefire-test-report.xsd" name="TestSuite" time="28.959" tests="3" errors="0" skipped="0" failures="0">
  <properties>
[...]
</properties>
  <testcase name="runScenario" classname="MyRunner.TestRunner" time="7.106"/>
  <testcase name="runScenario" classname="MyRunner.TestRunner" time="5.401"/>
  <testcase name="runScenario" classname="MyRunner.TestRunner" time="14.658"/>
</testsuite>