<?xml version="1.0" encoding="UTF-8"?>
<testng-results ignored="0" total="3" passed="3" failed="0" skipped="0">
  <reporter-output>
  </reporter-output>
  <suite started-at="2022-04-24T12:10:34 CEST" name="Suite1" finished-at="2022-04-24T12:11:00 CEST" duration-ms="26298">
    <groups>
      <group name="cucumber">
        <method signature="AbstractTestNGCucumberTests.runScenario(io.cucumber.testng.PickleWrapper,io.cucumber.testng.FeatureWrapper)[pri:0, instance:MyRunner.TestRunner@53fe15ff]" name="runScenario" class="io.cucumber.testng.AbstractTestNGCucumberTests"/>
      </group> <!-- cucumber -->
    </groups>
    <test started-at="2022-04-24T12:10:34 CEST" name="Test Demo" finished-at="2022-04-24T12:11:00 CEST" duration-ms="26298">
      <class name="MyRunner.TestRunner">
        <test-method is-config="true" signature="setUpClass(org.testng.ITestContext)[pri:0, instance:MyRunner.TestRunner@53fe15ff]" started-at="2022-04-24T12:10:34 CEST" name="setUpClass" finished-at="2022-04-24T12:10:35 CEST" duration-ms="404" status="PASS">
          <params>
            <param index="0">
              <value>
                <![CDATA[org.testng.TestRunner@448ade1]]>
              </value>
            </param>
          </params>
          <reporter-output>
          </reporter-output>
        </test-method> <!-- setUpClass -->
        <test-method signature="runScenario(io.cucumber.testng.PickleWrapper,io.cucumber.testng.FeatureWrapper)[pri:0, instance:MyRunner.TestRunner@53fe15ff]" started-at="2022-04-24T12:10:35 CEST" name="runScenario" description="Runs Cucumber Scenarios" data-provider="scenarios" finished-at="2022-04-24T12:10:41 CEST" duration-ms="6728" status="PASS">
          <params>
            <param index="0">
              <value>
                <![CDATA["Verify VangoghMuseum collection page"]]>
              </value>
            </param>
            <param index="1">
              <value>
                <![CDATA["Test Automation Assignment on vangoghmuseum"]]>
              </value>
            </param>
          </params>
          <reporter-output>
          </reporter-output>
        </test-method> <!-- runScenario -->
        <test-method signature="runScenario(io.cucumber.testng.PickleWrapper,io.cucumber.testng.FeatureWrapper)[pri:0, instance:MyRunner.TestRunner@53fe15ff]" started-at="2022-04-24T12:10:41 CEST" name="runScenario" description="Runs Cucumber Scenarios" data-provider="scenarios" finished-at="2022-04-24T12:10:46 CEST" duration-ms="5062" status="PASS">
          <params>
            <param index="0">
              <value>
                <![CDATA["VangoghMuseum collectie searched title verification"]]>
              </value>
            </param>
            <param index="1">
              <value>
                <![CDATA["Test Automation Assignment on vangoghmuseum"]]>
              </value>
            </param>
          </params>
          <reporter-output>
          </reporter-output>
        </test-method> <!-- runScenario -->
        <test-method signature="runScenario(io.cucumber.testng.PickleWrapper,io.cucumber.testng.FeatureWrapper)[pri:0, instance:MyRunner.TestRunner@53fe15ff]" started-at="2022-04-24T12:10:46 CEST" name="runScenario" description="Runs Cucumber Scenarios" data-provider="scenarios" finished-at="2022-04-24T12:11:00 CEST" duration-ms="13974" status="PASS">
          <params>
            <param index="0">
              <value>
                <![CDATA["VangoghMuseum search result verification"]]>
              </value>
            </param>
            <param index="1">
              <value>
                <![CDATA["Test Automation Assignment on vangoghmuseum"]]>
              </value>
            </param>
          </params>
          <reporter-output>
          </reporter-output>
        </test-method> <!-- runScenario -->
        <test-method is-config="true" signature="tearDownClass()[pri:0, instance:MyRunner.TestRunner@53fe15ff]" started-at="2022-04-24T12:11:00 CEST" name="tearDownClass" finished-at="2022-04-24T12:11:00 CEST" duration-ms="99" status="PASS">
          <reporter-output>
          </reporter-output>
        </test-method> <!-- tearDownClass -->
      </class> <!-- MyRunner.TestRunner -->
    </test> <!-- Test Demo -->
  </suite> <!-- Suite1 -->
</testng-results>
